<?xml version="1.0" encoding="UTF-8"?>
<testsuite xmlns:xsi="http://www.w3.org/2001/XMLSchema-instance" xsi:noNamespaceSchemaLocation="https://maven.apache.org/surefire/maven-surefire-plugin/xsd/surefire-test-report.xsd" name="owl.cs.intelligentwebproject.owlapi.AppTest" time="0.023" tests="1" errors="0" skipped="0" failures="0">
  <properties>
    <property name="sun.desktop" value="windows"/>
    <property name="awt.toolkit" value="sun.awt.windows.WToolkit"/>
    <property name="java.specification.version" value="11"/>
    <property name="sun.cpu.isalist" value="amd64"/>
    <property name="sun.jnu.encoding" value="Cp1252"/>
    <property name="java.class.path" value="C:\Users\Antonio\Desktop\ALE\IntelligentWeb\Progetto\ProgettoEclipse\intelligentwebproject.owlapi\target\test-classes;C:\Users\Antonio\Desktop\ALE\IntelligentWeb\Progetto\ProgettoEclipse\intelligentwebproject.owlapi\target\classes;C:\Users\Antonio\.m2\repository\junit\junit\4.11\junit-4.11.jar;C:\Users\Antonio\.m2\repository\org\hamcrest\hamcrest-core\1.3\hamcrest-core-1.3.jar;C:\Users\Antonio\.m2\repository\net\sourceforge\owlapi\owlapi-distribution\5.1.0\owlapi-distribution-5.1.0.jar;C:\Users\Antonio\.m2\repository\net\sourceforge\owlapi\owlapi-compatibility\5.1.0\owlapi-compatibility-5.1.0.jar;C:\Users\Antonio\.m2\repository\net\sourceforge\owlapi\owlapi-apibinding\5.1.0\owlapi-apibinding-5.1.0.jar;C:\Users\Antonio\.m2\repository\net\sourceforge\owlapi\owlapi-api\5.1.0\owlapi-api-5.1.0.jar;C:\Users\Antonio\.m2\repository\net\sourceforge\owlapi\owlapi-impl\5.1.0\owlapi-impl-5.1.0.jar;C:\Users\Antonio\.m2\repository\net\sourceforge\owlapi\owlapi-parsers\5.1.0\owlapi-parsers-5.1.0.jar;C:\Users\Antonio\.m2\repository\net\sourceforge\owlapi\owlapi-oboformat\5.1.0\owlapi-oboformat-5.1.0.jar;C:\Users\Antonio\.m2\repository\net\sourceforge\owlapi\owlapi-tools\5.1.0\owlapi-tools-5.1.0.jar;C:\Users\Antonio\.m2\repository\net\sourceforge\owlapi\owlapi-rio\5.1.0\owlapi-rio-5.1.0.jar;C:\Users\Antonio\.m2\repository\com\fasterxml\jackson\core\jackson-core\2.11.3\jackson-core-2.11.3.jar;C:\Users\Antonio\.m2\repository\com\fasterxml\jackson\core\jackson-databind\2.11.3\jackson-databind-2.11.3.jar;C:\Users\Antonio\.m2\repository\com\fasterxml\jackson\core\jackson-annotations\2.11.3\jackson-annotations-2.11.3.jar;C:\Users\Antonio\.m2\repository\org\apache\commons\commons-rdf-api\0.3.0-incubating\commons-rdf-api-0.3.0-incubating.jar;C:\Users\Antonio\.m2\repository\org\tukaani\xz\1.6\xz-1.6.jar;C:\Users\Antonio\.m2\repository\org\slf4j\jcl-over-slf4j\1.7.22\jcl-over-slf4j-1.7.22.jar;C:\Users\Antonio\.m2\repository\org\eclipse\rdf4j\rdf4j-model\2.1.4\rdf4j-model-2.1.4.jar;C:\Users\Antonio\.m2\repository\org\eclipse\rdf4j\rdf4j-rio-api\2.1.4\rdf4j-rio-api-2.1.4.jar;C:\Users\Antonio\.m2\repository\org\eclipse\rdf4j\rdf4j-rio-languages\2.1.4\rdf4j-rio-languages-2.1.4.jar;C:\Users\Antonio\.m2\repository\org\eclipse\rdf4j\rdf4j-rio-datatypes\2.1.4\rdf4j-rio-datatypes-2.1.4.jar;C:\Users\Antonio\.m2\repository\org\eclipse\rdf4j\rdf4j-rio-binary\2.1.4\rdf4j-rio-binary-2.1.4.jar;C:\Users\Antonio\.m2\repository\org\eclipse\rdf4j\rdf4j-rio-n3\2.1.4\rdf4j-rio-n3-2.1.4.jar;C:\Users\Antonio\.m2\repository\org\eclipse\rdf4j\rdf4j-rio-nquads\2.1.4\rdf4j-rio-nquads-2.1.4.jar;C:\Users\Antonio\.m2\repository\org\eclipse\rdf4j\rdf4j-rio-ntriples\2.1.4\rdf4j-rio-ntriples-2.1.4.jar;C:\Users\Antonio\.m2\repository\org\eclipse\rdf4j\rdf4j-rio-rdfjson\2.1.4\rdf4j-rio-rdfjson-2.1.4.jar;C:\Users\Antonio\.m2\repository\org\eclipse\rdf4j\rdf4j-rio-jsonld\2.1.4\rdf4j-rio-jsonld-2.1.4.jar;C:\Users\Antonio\.m2\repository\org\eclipse\rdf4j\rdf4j-rio-rdfxml\2.1.4\rdf4j-rio-rdfxml-2.1.4.jar;C:\Users\Antonio\.m2\repository\org\eclipse\rdf4j\rdf4j-rio-trix\2.1.4\rdf4j-rio-trix-2.1.4.jar;C:\Users\Antonio\.m2\repository\org\eclipse\rdf4j\rdf4j-rio-turtle\2.1.4\rdf4j-rio-turtle-2.1.4.jar;C:\Users\Antonio\.m2\repository\org\eclipse\rdf4j\rdf4j-rio-trig\2.1.4\rdf4j-rio-trig-2.1.4.jar;C:\Users\Antonio\.m2\repository\org\eclipse\rdf4j\rdf4j-util\2.1.4\rdf4j-util-2.1.4.jar;C:\Users\Antonio\.m2\repository\com\github\jsonld-java\jsonld-java\0.9.0\jsonld-java-0.9.0.jar;C:\Users\Antonio\.m2\repository\org\apache\httpcomponents\httpclient-osgi\4.5.2\httpclient-osgi-4.5.2.jar;C:\Users\Antonio\.m2\repository\org\apache\httpcomponents\httpclient\4.5.2\httpclient-4.5.2.jar;C:\Users\Antonio\.m2\repository\commons-codec\commons-codec\1.9\commons-codec-1.9.jar;C:\Users\Antonio\.m2\repository\org\apache\httpcomponents\httpmime\4.5.2\httpmime-4.5.2.jar;C:\Users\Antonio\.m2\repository\org\apache\httpcomponents\httpclient-cache\4.5.2\httpclient-cache-4.5.2.jar;C:\Users\Antonio\.m2\repository\org\apache\httpcomponents\fluent-hc\4.5.2\fluent-hc-4.5.2.jar;C:\Users\Antonio\.m2\repository\org\apache\httpcomponents\httpcore-osgi\4.4.4\httpcore-osgi-4.4.4.jar;C:\Users\Antonio\.m2\repository\org\apache\httpcomponents\httpcore\4.4.4\httpcore-4.4.4.jar;C:\Users\Antonio\.m2\repository\org\apache\httpcomponents\httpcore-nio\4.4.4\httpcore-nio-4.4.4.jar;C:\Users\Antonio\.m2\repository\net\sf\trove4j\trove4j\3.0.3\trove4j-3.0.3.jar;C:\Users\Antonio\.m2\repository\com\github\ben-manes\caffeine\caffeine\2.3.5\caffeine-2.3.5.jar;C:\Users\Antonio\.m2\repository\com\google\guava\guava\20.0\guava-20.0.jar;C:\Users\Antonio\.m2\repository\com\google\inject\guice\4.1.0\guice-4.1.0.jar;C:\Users\Antonio\.m2\repository\javax\inject\javax.inject\1\javax.inject-1.jar;C:\Users\Antonio\.m2\repository\aopalliance\aopalliance\1.0\aopalliance-1.0.jar;C:\Users\Antonio\.m2\repository\com\google\inject\extensions\guice-assistedinject\4.1.0\guice-assistedinject-4.1.0.jar;C:\Users\Antonio\.m2\repository\com\google\inject\extensions\guice-multibindings\4.1.0\guice-multibindings-4.1.0.jar;C:\Users\Antonio\.m2\repository\com\google\code\findbugs\jsr305\3.0.1\jsr305-3.0.1.jar;C:\Users\Antonio\.m2\repository\commons-io\commons-io\2.8.0\commons-io-2.8.0.jar;C:\Users\Antonio\.m2\repository\org\openjfx\javafx-controls\17.0.1\javafx-controls-17.0.1.jar;C:\Users\Antonio\.m2\repository\org\openjfx\javafx-controls\17.0.1\javafx-controls-17.0.1-win.jar;C:\Users\Antonio\.m2\repository\org\openjfx\javafx-graphics\17.0.1\javafx-graphics-17.0.1.jar;C:\Users\Antonio\.m2\repository\org\openjfx\javafx-graphics\17.0.1\javafx-graphics-17.0.1-win.jar;C:\Users\Antonio\.m2\repository\org\openjfx\javafx-base\17.0.1\javafx-base-17.0.1.jar;C:\Users\Antonio\.m2\repository\org\openjfx\javafx-base\17.0.1\javafx-base-17.0.1-win.jar;C:\Users\Antonio\.m2\repository\guru\nidi\graphviz-java\0.18.1\graphviz-java-0.18.1.jar;C:\Users\Antonio\.m2\repository\org\webjars\npm\viz.js-graphviz-java\2.1.3\viz.js-graphviz-java-2.1.3.jar;C:\Users\Antonio\.m2\repository\guru\nidi\com\kitfox\svgSalamander\1.1.3\svgSalamander-1.1.3.jar;C:\Users\Antonio\.m2\repository\net\arnx\nashorn-promise\0.1.1\nashorn-promise-0.1.1.jar;C:\Users\Antonio\.m2\repository\org\apache\commons\commons-exec\1.3\commons-exec-1.3.jar;C:\Users\Antonio\.m2\repository\org\slf4j\jul-to-slf4j\1.7.30\jul-to-slf4j-1.7.30.jar;C:\Users\Antonio\.m2\repository\guru\nidi\com\eclipsesource\j2v8\j2v8_win32_x86_64\4.6.0\j2v8_win32_x86_64-4.6.0.jar;C:\Users\Antonio\.m2\repository\org\apache\jena\jena-shacl\4.4.0\jena-shacl-4.4.0.jar;C:\Users\Antonio\.m2\repository\org\apache\jena\jena-arq\4.4.0\jena-arq-4.4.0.jar;C:\Users\Antonio\.m2\repository\org\apache\jena\jena-core\4.4.0\jena-core-4.4.0.jar;C:\Users\Antonio\.m2\repository\org\apache\jena\jena-base\4.4.0\jena-base-4.4.0.jar;C:\Users\Antonio\.m2\repository\org\apache\jena\jena-shaded-guava\4.4.0\jena-shaded-guava-4.4.0.jar;C:\Users\Antonio\.m2\repository\org\apache\commons\commons-csv\1.9.0\commons-csv-1.9.0.jar;C:\Users\Antonio\.m2\repository\org\apache\commons\commons-compress\1.21\commons-compress-1.21.jar;C:\Users\Antonio\.m2\repository\com\github\andrewoma\dexx\collection\0.7\collection-0.7.jar;C:\Users\Antonio\.m2\repository\org\apache\jena\jena-iri\4.4.0\jena-iri-4.4.0.jar;C:\Users\Antonio\.m2\repository\commons-cli\commons-cli\1.5.0\commons-cli-1.5.0.jar;C:\Users\Antonio\.m2\repository\com\apicatalog\titanium-json-ld\1.2.0\titanium-json-ld-1.2.0.jar;C:\Users\Antonio\.m2\repository\org\glassfish\jakarta.json\2.0.1\jakarta.json-2.0.1.jar;C:\Users\Antonio\.m2\repository\com\google\protobuf\protobuf-java\3.19.3\protobuf-java-3.19.3.jar;C:\Users\Antonio\.m2\repository\org\apache\thrift\libthrift\0.15.0\libthrift-0.15.0.jar;C:\Users\Antonio\.m2\repository\javax\annotation\javax.annotation-api\1.3.2\javax.annotation-api-1.3.2.jar;C:\Users\Antonio\.m2\repository\org\apache\commons\commons-lang3\3.11\commons-lang3-3.11.jar;C:\Users\Antonio\.m2\repository\org\apache\jena\jena-shex\4.4.0\jena-shex-4.4.0.jar;C:\Users\Antonio\.m2\repository\org\apache\jena\jena-tdb\4.4.0\jena-tdb-4.4.0.jar;C:\Users\Antonio\.m2\repository\org\apache\jena\jena-tdb2\4.4.0\jena-tdb2-4.4.0.jar;C:\Users\Antonio\.m2\repository\org\apache\jena\jena-dboe-storage\4.4.0\jena-dboe-storage-4.4.0.jar;C:\Users\Antonio\.m2\repository\org\apache\jena\jena-dboe-trans-data\4.4.0\jena-dboe-trans-data-4.4.0.jar;C:\Users\Antonio\.m2\repository\org\apache\jena\jena-dboe-transaction\4.4.0\jena-dboe-transaction-4.4.0.jar;C:\Users\Antonio\.m2\repository\org\apache\jena\jena-dboe-base\4.4.0\jena-dboe-base-4.4.0.jar;C:\Users\Antonio\.m2\repository\org\apache\jena\jena-dboe-index\4.4.0\jena-dboe-index-4.4.0.jar;C:\Users\Antonio\.m2\repository\org\apache\jena\jena-rdfconnection\4.4.0\jena-rdfconnection-4.4.0.jar;C:\Users\Antonio\.m2\repository\org\slf4j\slf4j-api\1.7.30\slf4j-api-1.7.30.jar;C:\Users\Antonio\.m2\repository\me\xethh\utils\DateUtils\6.0.0.RC9\DateUtils-6.0.0.RC9.jar;"/>
    <property name="java.vm.vendor" value="Oracle Corporation"/>
    <property name="sun.arch.data.model" value="64"/>
    <property name="user.variant" value=""/>
    <property name="java.vendor.url" value="http://java.oracle.com/"/>
    <property name="user.timezone" value="Europe/Berlin"/>
    <property name="java.vm.specification.version" value="11"/>
    <property name="os.name" value="Windows 10"/>
    <property name="sun.java.launcher" value="SUN_STANDARD"/>
    <property name="user.country" value="IT"/>
    <property name="sun.boot.library.path" value="C:\Program Files\Java\jdk-11.0.1\bin"/>
    <property name="sun.java.command" value="C:\Users\Antonio\AppData\Local\Temp\surefire11738640678829247936\surefirebooter8046845033357023729.jar C:\Users\Antonio\AppData\Local\Temp\surefire11738640678829247936 2022-09-12T17-40-10_454-jvmRun1 surefire2020511404746959324tmp surefire_05048084617627151986tmp"/>
    <property name="jdk.debug" value="release"/>
    <property name="surefire.test.class.path" value="C:\Users\Antonio\Desktop\ALE\IntelligentWeb\Progetto\ProgettoEclipse\intelligentwebproject.owlapi\target\test-classes;C:\Users\Antonio\Desktop\ALE\IntelligentWeb\Progetto\ProgettoEclipse\intelligentwebproject.owlapi\target\classes;C:\Users\Antonio\.m2\repository\junit\junit\4.11\junit-4.11.jar;C:\Users\Antonio\.m2\repository\org\hamcrest\hamcrest-core\1.3\hamcrest-core-1.3.jar;C:\Users\Antonio\.m2\repository\net\sourceforge\owlapi\owlapi-distribution\5.1.0\owlapi-distribution-5.1.0.jar;C:\Users\Antonio\.m2\repository\net\sourceforge\owlapi\owlapi-compatibility\5.1.0\owlapi-compatibility-5.1.0.jar;C:\Users\Antonio\.m2\repository\net\sourceforge\owlapi\owlapi-apibinding\5.1.0\owlapi-apibinding-5.1.0.jar;C:\Users\Antonio\.m2\repository\net\sourceforge\owlapi\owlapi-api\5.1.0\owlapi-api-5.1.0.jar;C:\Users\Antonio\.m2\repository\net\sourceforge\owlapi\owlapi-impl\5.1.0\owlapi-impl-5.1.0.jar;C:\Users\Antonio\.m2\repository\net\sourceforge\owlapi\owlapi-parsers\5.1.0\owlapi-parsers-5.1.0.jar;C:\Users\Antonio\.m2\repository\net\sourceforge\owlapi\owlapi-oboformat\5.1.0\owlapi-oboformat-5.1.0.jar;C:\Users\Antonio\.m2\repository\net\sourceforge\owlapi\owlapi-tools\5.1.0\owlapi-tools-5.1.0.jar;C:\Users\Antonio\.m2\repository\net\sourceforge\owlapi\owlapi-rio\5.1.0\owlapi-rio-5.1.0.jar;C:\Users\Antonio\.m2\repository\com\fasterxml\jackson\core\jackson-core\2.11.3\jackson-core-2.11.3.jar;C:\Users\Antonio\.m2\repository\com\fasterxml\jackson\core\jackson-databind\2.11.3\jackson-databind-2.11.3.jar;C:\Users\Antonio\.m2\repository\com\fasterxml\jackson\core\jackson-annotations\2.11.3\jackson-annotations-2.11.3.jar;C:\Users\Antonio\.m2\repository\org\apache\commons\commons-rdf-api\0.3.0-incubating\commons-rdf-api-0.3.0-incubating.jar;C:\Users\Antonio\.m2\repository\org\tukaani\xz\1.6\xz-1.6.jar;C:\Users\Antonio\.m2\repository\org\slf4j\jcl-over-slf4j\1.7.22\jcl-over-slf4j-1.7.22.jar;C:\Users\Antonio\.m2\repository\org\eclipse\rdf4j\rdf4j-model\2.1.4\rdf4j-model-2.1.4.jar;C:\Users\Antonio\.m2\repository\org\eclipse\rdf4j\rdf4j-rio-api\2.1.4\rdf4j-rio-api-2.1.4.jar;C:\Users\Antonio\.m2\repository\org\eclipse\rdf4j\rdf4j-rio-languages\2.1.4\rdf4j-rio-languages-2.1.4.jar;C:\Users\Antonio\.m2\repository\org\eclipse\rdf4j\rdf4j-rio-datatypes\2.1.4\rdf4j-rio-datatypes-2.1.4.jar;C:\Users\Antonio\.m2\repository\org\eclipse\rdf4j\rdf4j-rio-binary\2.1.4\rdf4j-rio-binary-2.1.4.jar;C:\Users\Antonio\.m2\repository\org\eclipse\rdf4j\rdf4j-rio-n3\2.1.4\rdf4j-rio-n3-2.1.4.jar;C:\Users\Antonio\.m2\repository\org\eclipse\rdf4j\rdf4j-rio-nquads\2.1.4\rdf4j-rio-nquads-2.1.4.jar;C:\Users\Antonio\.m2\repository\org\eclipse\rdf4j\rdf4j-rio-ntriples\2.1.4\rdf4j-rio-ntriples-2.1.4.jar;C:\Users\Antonio\.m2\repository\org\eclipse\rdf4j\rdf4j-rio-rdfjson\2.1.4\rdf4j-rio-rdfjson-2.1.4.jar;C:\Users\Antonio\.m2\repository\org\eclipse\rdf4j\rdf4j-rio-jsonld\2.1.4\rdf4j-rio-jsonld-2.1.4.jar;C:\Users\Antonio\.m2\repository\org\eclipse\rdf4j\rdf4j-rio-rdfxml\2.1.4\rdf4j-rio-rdfxml-2.1.4.jar;C:\Users\Antonio\.m2\repository\org\eclipse\rdf4j\rdf4j-rio-trix\2.1.4\rdf4j-rio-trix-2.1.4.jar;C:\Users\Antonio\.m2\repository\org\eclipse\rdf4j\rdf4j-rio-turtle\2.1.4\rdf4j-rio-turtle-2.1.4.jar;C:\Users\Antonio\.m2\repository\org\eclipse\rdf4j\rdf4j-rio-trig\2.1.4\rdf4j-rio-trig-2.1.4.jar;C:\Users\Antonio\.m2\repository\org\eclipse\rdf4j\rdf4j-util\2.1.4\rdf4j-util-2.1.4.jar;C:\Users\Antonio\.m2\repository\com\github\jsonld-java\jsonld-java\0.9.0\jsonld-java-0.9.0.jar;C:\Users\Antonio\.m2\repository\org\apache\httpcomponents\httpclient-osgi\4.5.2\httpclient-osgi-4.5.2.jar;C:\Users\Antonio\.m2\repository\org\apache\httpcomponents\httpclient\4.5.2\httpclient-4.5.2.jar;C:\Users\Antonio\.m2\repository\commons-codec\commons-codec\1.9\commons-codec-1.9.jar;C:\Users\Antonio\.m2\repository\org\apache\httpcomponents\httpmime\4.5.2\httpmime-4.5.2.jar;C:\Users\Antonio\.m2\repository\org\apache\httpcomponents\httpclient-cache\4.5.2\httpclient-cache-4.5.2.jar;C:\Users\Antonio\.m2\repository\org\apache\httpcomponents\fluent-hc\4.5.2\fluent-hc-4.5.2.jar;C:\Users\Antonio\.m2\repository\org\apache\httpcomponents\httpcore-osgi\4.4.4\httpcore-osgi-4.4.4.jar;C:\Users\Antonio\.m2\repository\org\apache\httpcomponents\httpcore\4.4.4\httpcore-4.4.4.jar;C:\Users\Antonio\.m2\repository\org\apache\httpcomponents\httpcore-nio\4.4.4\httpcore-nio-4.4.4.jar;C:\Users\Antonio\.m2\repository\net\sf\trove4j\trove4j\3.0.3\trove4j-3.0.3.jar;C:\Users\Antonio\.m2\repository\com\github\ben-manes\caffeine\caffeine\2.3.5\caffeine-2.3.5.jar;C:\Users\Antonio\.m2\repository\com\google\guava\guava\20.0\guava-20.0.jar;C:\Users\Antonio\.m2\repository\com\google\inject\guice\4.1.0\guice-4.1.0.jar;C:\Users\Antonio\.m2\repository\javax\inject\javax.inject\1\javax.inject-1.jar;C:\Users\Antonio\.m2\repository\aopalliance\aopalliance\1.0\aopalliance-1.0.jar;C:\Users\Antonio\.m2\repository\com\google\inject\extensions\guice-assistedinject\4.1.0\guice-assistedinject-4.1.0.jar;C:\Users\Antonio\.m2\repository\com\google\inject\extensions\guice-multibindings\4.1.0\guice-multibindings-4.1.0.jar;C:\Users\Antonio\.m2\repository\com\google\code\findbugs\jsr305\3.0.1\jsr305-3.0.1.jar;C:\Users\Antonio\.m2\repository\commons-io\commons-io\2.8.0\commons-io-2.8.0.jar;C:\Users\Antonio\.m2\repository\org\openjfx\javafx-controls\17.0.1\javafx-controls-17.0.1.jar;C:\Users\Antonio\.m2\repository\org\openjfx\javafx-controls\17.0.1\javafx-controls-17.0.1-win.jar;C:\Users\Antonio\.m2\repository\org\openjfx\javafx-graphics\17.0.1\javafx-graphics-17.0.1.jar;C:\Users\Antonio\.m2\repository\org\openjfx\javafx-graphics\17.0.1\javafx-graphics-17.0.1-win.jar;C:\Users\Antonio\.m2\repository\org\openjfx\javafx-base\17.0.1\javafx-base-17.0.1.jar;C:\Users\Antonio\.m2\repository\org\openjfx\javafx-base\17.0.1\javafx-base-17.0.1-win.jar;C:\Users\Antonio\.m2\repository\guru\nidi\graphviz-java\0.18.1\graphviz-java-0.18.1.jar;C:\Users\Antonio\.m2\repository\org\webjars\npm\viz.js-graphviz-java\2.1.3\viz.js-graphviz-java-2.1.3.jar;C:\Users\Antonio\.m2\repository\guru\nidi\com\kitfox\svgSalamander\1.1.3\svgSalamander-1.1.3.jar;C:\Users\Antonio\.m2\repository\net\arnx\nashorn-promise\0.1.1\nashorn-promise-0.1.1.jar;C:\Users\Antonio\.m2\repository\org\apache\commons\commons-exec\1.3\commons-exec-1.3.jar;C:\Users\Antonio\.m2\repository\org\slf4j\jul-to-slf4j\1.7.30\jul-to-slf4j-1.7.30.jar;C:\Users\Antonio\.m2\repository\guru\nidi\com\eclipsesource\j2v8\j2v8_win32_x86_64\4.6.0\j2v8_win32_x86_64-4.6.0.jar;C:\Users\Antonio\.m2\repository\org\apache\jena\jena-shacl\4.4.0\jena-shacl-4.4.0.jar;C:\Users\Antonio\.m2\repository\org\apache\jena\jena-arq\4.4.0\jena-arq-4.4.0.jar;C:\Users\Antonio\.m2\repository\org\apache\jena\jena-core\4.4.0\jena-core-4.4.0.jar;C:\Users\Antonio\.m2\repository\org\apache\jena\jena-base\4.4.0\jena-base-4.4.0.jar;C:\Users\Antonio\.m2\repository\org\apache\jena\jena-shaded-guava\4.4.0\jena-shaded-guava-4.4.0.jar;C:\Users\Antonio\.m2\repository\org\apache\commons\commons-csv\1.9.0\commons-csv-1.9.0.jar;C:\Users\Antonio\.m2\repository\org\apache\commons\commons-compress\1.21\commons-compress-1.21.jar;C:\Users\Antonio\.m2\repository\com\github\andrewoma\dexx\collection\0.7\collection-0.7.jar;C:\Users\Antonio\.m2\repository\org\apache\jena\jena-iri\4.4.0\jena-iri-4.4.0.jar;C:\Users\Antonio\.m2\repository\commons-cli\commons-cli\1.5.0\commons-cli-1.5.0.jar;C:\Users\Antonio\.m2\repository\com\apicatalog\titanium-json-ld\1.2.0\titanium-json-ld-1.2.0.jar;C:\Users\Antonio\.m2\repository\org\glassfish\jakarta.json\2.0.1\jakarta.json-2.0.1.jar;C:\Users\Antonio\.m2\repository\com\google\protobuf\protobuf-java\3.19.3\protobuf-java-3.19.3.jar;C:\Users\Antonio\.m2\repository\org\apache\thrift\libthrift\0.15.0\libthrift-0.15.0.jar;C:\Users\Antonio\.m2\repository\javax\annotation\javax.annotation-api\1.3.2\javax.annotation-api-1.3.2.jar;C:\Users\Antonio\.m2\repository\org\apache\commons\commons-lang3\3.11\commons-lang3-3.11.jar;C:\Users\Antonio\.m2\repository\org\apache\jena\jena-shex\4.4.0\jena-shex-4.4.0.jar;C:\Users\Antonio\.m2\repository\org\apache\jena\jena-tdb\4.4.0\jena-tdb-4.4.0.jar;C:\Users\Antonio\.m2\repository\org\apache\jena\jena-tdb2\4.4.0\jena-tdb2-4.4.0.jar;C:\Users\Antonio\.m2\repository\org\apache\jena\jena-dboe-storage\4.4.0\jena-dboe-storage-4.4.0.jar;C:\Users\Antonio\.m2\repository\org\apache\jena\jena-dboe-trans-data\4.4.0\jena-dboe-trans-data-4.4.0.jar;C:\Users\Antonio\.m2\repository\org\apache\jena\jena-dboe-transaction\4.4.0\jena-dboe-transaction-4.4.0.jar;C:\Users\Antonio\.m2\repository\org\apache\jena\jena-dboe-base\4.4.0\jena-dboe-base-4.4.0.jar;C:\Users\Antonio\.m2\repository\org\apache\jena\jena-dboe-index\4.4.0\jena-dboe-index-4.4.0.jar;C:\Users\Antonio\.m2\repository\org\apache\jena\jena-rdfconnection\4.4.0\jena-rdfconnection-4.4.0.jar;C:\Users\Antonio\.m2\repository\org\slf4j\slf4j-api\1.7.30\slf4j-api-1.7.30.jar;C:\Users\Antonio\.m2\repository\me\xethh\utils\DateUtils\6.0.0.RC9\DateUtils-6.0.0.RC9.jar;"/>
    <property name="sun.cpu.endian" value="little"/>
    <property name="user.home" value="C:\Users\Antonio"/>
    <property name="user.language" value="it"/>
    <property name="java.specification.vendor" value="Oracle Corporation"/>
    <property name="java.version.date" value="2018-10-16"/>
    <property name="java.home" value="C:\Program Files\Java\jdk-11.0.1"/>
    <property name="file.separator" value="\"/>
    <property name="basedir" value="C:\Users\Antonio\Desktop\ALE\IntelligentWeb\Progetto\ProgettoEclipse\intelligentwebproject.owlapi"/>
    <property name="java.vm.compressedOopsMode" value="Zero based"/>
    <property name="line.separator" value="&#10;"/>
    <property name="java.specification.name" value="Java Platform API Specification"/>
    <property name="java.vm.specification.vendor" value="Oracle Corporation"/>
    <property name="java.awt.graphicsenv" value="sun.awt.Win32GraphicsEnvironment"/>
    <property name="surefire.real.class.path" value="C:\Users\Antonio\AppData\Local\Temp\surefire11738640678829247936\surefirebooter8046845033357023729.jar"/>
    <property name="user.script" value=""/>
    <property name="sun.management.compiler" value="HotSpot 64-Bit Tiered Compilers"/>
    <property name="java.runtime.version" value="11.0.1+13-LTS"/>
    <property name="user.name" value="Antonio"/>
    <property name="path.separator" value=";"/>
    <property name="os.version" value="10.0"/>
    <property name="java.runtime.name" value="Java(TM) SE Runtime Environment"/>
    <property name="file.encoding" value="Cp1252"/>
    <property name="java.vm.name" value="Java HotSpot(TM) 64-Bit Server VM"/>
    <property name="java.vendor.version" value="18.9"/>
    <property name="localRepository" value="C:\Users\Antonio\.m2\repository"/>
    <property name="java.vendor.url.bug" value="http://bugreport.java.com/bugreport/"/>
    <property name="java.io.tmpdir" value="C:\Users\Antonio\AppData\Local\Temp\"/>
    <property name="java.version" value="11.0.1"/>
    <property name="user.dir" value="C:\Users\Antonio\Desktop\ALE\IntelligentWeb\Progetto\ProgettoEclipse\intelligentwebproject.owlapi"/>
    <property name="os.arch" value="amd64"/>
    <property name="java.vm.specification.name" value="Java Virtual Machine Specification"/>
    <property name="java.awt.printerjob" value="sun.awt.windows.WPrinterJob"/>
    <property name="sun.os.patch.level" value=""/>
    <property name="java.library.path" value="C:\Program Files\Java\jdk-11.0.1\bin;C:\WINDOWS\Sun\Java\bin;C:\WINDOWS\system32;C:\WINDOWS;C:/Program Files/Java/jdk-11.0.1/bin/server;C:/Program Files/Java/jdk-11.0.1/bin;C:\Program Files\Java\jdk1.8.0_191\bin;C:\Program Files (x86)\Common Files\Oracle\Java\javapath;C:\Windows\system32;C:\Windows;C:\Windows\System32\Wbem;C:\Windows\System32\WindowsPowerShell\v1.0\;C:\Windows\System32\OpenSSH\;C:\Program Files\NVIDIA Corporation\NVIDIA NvDLISR;C:\xampp\php;C:\Program Files (x86)\NVIDIA Corporation\PhysX\Common;C:\Program Files\dotnet\;C:\Program Files (x86)\ATI Technologies\ATI.ACE\Core-Static;C:\Program Files (x86)\AMD\ATI.ACE\Core-Static;C:\Program Files (x86)\Calibre2\;C:\Program Files\PuTTY\;C:\WINDOWS\system32;C:\WINDOWS;C:\WINDOWS\System32\Wbem;C:\WINDOWS\System32\WindowsPowerShell\v1.0\;C:\WINDOWS\System32\OpenSSH\;C:\Program Files\Microsoft SQL Server\130\Tools\Binn\;C:\Program Files\Microsoft SQL Server\Client SDK\ODBC\170\Tools\Binn\;C:\Program Files\Git LFS;C:\Dwimperl\perl\bin;C:\Dwimperl\perl\site\bin;C:\Dwimperl\c\bin;C:\Program Files\OpenVPN\bin;C:\Users\Antonio\Desktop\ALE\FMFSR\MCMAS\Graphviz\bin;C:\Users\Antonio\Desktop\ALE\FMFSR\MCMAS\cygwin\bin;C:\Users\Antonio\AppData\Local\Microsoft\WindowsApps;C:\Users\Antonio\AppData\Local\GitHubDesktop\bin;C:\Users\Antonio\AppData\Local\Programs\Microsoft VS Code\bin;C:\Users\Antonio\Desktop;;."/>
    <property name="java.vendor" value="Oracle Corporation"/>
    <property name="java.vm.info" value="mixed mode"/>
    <property name="java.vm.version" value="11.0.1+13-LTS"/>
    <property name="sun.io.unicode.encoding" value="UnicodeLittle"/>
    <property name="java.class.version" value="55.0"/>
  </properties>
  <testcase name="shouldAnswerWithTrue" classname="owl.cs.intelligentwebproject.owlapi.AppTest" time="0.001"/>
</testsuite>